Unity Player [version: Unity 4.6.1f1_d1db7a1b5196]

KERNELBASE.dll caused a Microsoft C++ Exception (0xe06d7363)
  in module KERNELBASE.dll at 0023:7737c42d.

Error occurred at 2015-01-18_105336.
C:\Users\Hacker\GitHub\meta_drone\new-interface\game.exe, run by Hacker.
59% memory in use.
0 MB physical memory [2487 MB free].
0 MB paging file [0 MB free].
0 MB user address space [3700 MB free].

Context:
EDI:    0x605de500  ESI: 0x00000037  EAX:   0x0032eeb0
EBX:    0x00000005  ECX: 0x00000003  EDX:   0x00000000
EIP:    0x7737c42d  EBP: 0x0032ef00  SegCs: 0x00000023
EFlags: 0x00000212  ESP: 0x0032eeb0  SegSs: 0x0000002b

Bytes at CS:EIP:
c9 c2 10 00 cc cc cc cc cc 8b ff 55 8b ec 56 8b 

Stack:
0x0032eeb0: e06d7363 00000001 00000000 7737c42d csm.........-.7w
0x0032eec0: 00000003 19930520 0032f020 603fbd10 .... ... .2...?`
0x0032eed0: 605dd262 0e60d378 00000027 0032f020 b.]`x.`.'... .2.
0x0032eee0: 0032f020 0e60ff60 0032ef3c 603b468a  .2.`.`.<.2..F;`
0x0032eef0: 0032ef10 989819a5 605de500 00000037 ..2.......]`7...
0x0032ef00: 0032ef38 6f58872d e06d7363 00000001 8.2.-.Xocsm.....
0x0032ef10: 00000003 0032ef2c e06d7363 00000001 ....,.2.csm.....
0x0032ef20: 00000000 00000000 00000003 19930520 ............ ...
0x0032ef30: 0032f020 603fbd10 0032f068 603807c4  .2...?`h.2...8`
0x0032ef40: 0032f020 603fbd10 989806f1 0af6e498  .2...?`........
0x0032ef50: 603805d0 0af65f28 605fa418 605f9574 ..8`(_...._`t._`
0x0032ef60: 0e4a9080 0e4a8300 0e4a8300 0032ef64 ..J...J...J.d.2.
0x0032ef70: 0032ef68 00000000 0e4a830c 0032ef74 h.2.......J.t.2.
0x0032ef80: 0032ef78 0e4a8300 00000014 0032ef84 x.2...J.......2.
0x0032ef90: 0032ef88 0e609828 0e4a8300 00000005 ..2.(.`...J.....
0x0032efa0: 00000000 00000000 605f95b4 00000201 .........._`....
0x0032efb0: 00000000 00000000 00000000 00000201 ................
0x0032efc0: 00000006 00000000 00000000 00000000 ................
0x0032efd0: 00000000 00000000 0e6097f8 0032eff4 ..........`...2.
0x0032efe0: 0032ef5c 00000000 603baa20 0032f048 \.2..... .;`H.2.
0x0032eff0: 00000000 0032f030 603886ac 0032f048 ....0.2...8`H.2.
0x0032f000: 0e609808 00000004 00000004 0e60cbc8 ..`...........`.
0x0032f010: 0af65f28 000008fc 0e60e550 0032ef38 (_......P.`.8.2.
0x0032f020: 603ed838 00000000 ffffff00 0e60ff60 8.>`........`.`.
0x0032f030: 603b7d6f 0e4a8938 00000002 989806c1 o};`8.J.........
0x0032f040: 0e60d368 00000037 00000037 0e60e538 h.`.7...7...8.`.
0x0032f050: 0e4a8938 0e60e448 0032ef48 0032f4b4 8.J.H.`.H.2...2.
0x0032f060: 603e2cbb 00000006 0032f07c 604a1957 .,>`....|.2.W.J`
0x0032f070: 0e60cbc8 0af6e498 0af6e460 0032f098 ..`.....`.....2.
0x0032f080: 604a172d 6047dc6a 0032f204 03bccde0 -.J`j.G`..2.....
0x0032f090: 041cf600 0af65f28 0032f0c8 04257351 ....(_....2.Qs%.
0x0032f0a0: 0032f0c8 03c77f60 03c77f08 03bccde0 ..2.`...........
0x0032f0b0: 04257341 041cf600 0032f204 03bccde0 As%.......2.....
0x0032f0c0: 0032f0c8 04257334 0032f0f8 042571a1 ..2.4s%...2..q%.
0x0032f0d0: 100092f6 0a55b968 03bc4f08 03bc4e70 ....h.U..O..pN..
0x0032f0e0: 0032f140 101e7fd0 0a577840 115e2268 @.2.....@xW.h"^.
0x0032f0f0: 0032f204 041cf600 0032f138 041cf641 ..2.....8.2.A...
0x0032f100: 03bccde0 10110770 03c70000 00000000 ....p...........
0x0032f110: 0000000c 00000000 03c7a278 00000000 ........x.......
0x0032f120: 00000000 10001d4c 0000000c 0a6b2038 ....L.......8 k.
0x0032f130: 03c7a950 115e2268 0032f168 100f037c P...h"^.h.2.|...
0x0032f140: 03bccde0 0032f258 0032f204 04257190 ....X.2...2..q%.
0x0032f150: 00010000 0e2af2b0 0a6b2038 00000000 ......*.8 k.....
0x0032f160: 03bc4e70 00000000 0032f18c 1005d7c3 pN........2.....
0x0032f170: 0a6b2038 03bccde0 0032f258 0032f204 8 k.....X.2...2.
0x0032f180: 0032f204 0723fc7c 0e2af2b0 0032f1a8 ..2.|.#...*...2.
0x0032f190: 014b52a8 0a6b2038 03bccde0 0032f258 .RK.8 k.....X.2.
0x0032f1a0: 0032f204 0032f214 0032f1e4 01551c25 ..2...2...2.%.U.
0x0032f1b0: 0723fc7c 03bccde0 0032f230 0032f204 |.#.....0.2...2.
0x0032f1c0: 03bccde0 0032f214 0a6b2038 0032f1ec ......2.8 k...2.
0x0032f1d0: 01551a55 0a6ada00 0032f1f4 0032f214 U.U...j...2...2.
0x0032f1e0: 03bccde0 0032f1f4 01551dae 0032f204 ......2...U...2.
0x0032f1f0: 00000000 0032f208 01551e1c 0032f204 ......2...U...2.
0x0032f200: 03bccde0 00000000 0032f2ac 014a525e ..........2.^RJ.
0x0032f210: 0e30964c 01c23720 0723fc7c 03bccde0 L.0. 7..|.#.....
0x0032f220: 0000318e 00000000 0e2b0101 00000000 .1........+.....
0x0032f230: 00000000 00000000 00000000 00000000 ................
0x0032f240: 00000000 00000000 00000000 00000000 ................
0x0032f250: 00000000 00000000 00000000 00000000 ................
0x0032f260: 00000000 00000000 00000000 00000000 ................
0x0032f270: 00000000 00000000 00000000 00000000 ................
0x0032f280: 00000000 00000000 00000000 00000000 ................
0x0032f290: 00000000 00000000 00000000 00000000 ................
0x0032f2a0: 00000000 00000000 00000000 0032f2ec ..............2.
0x0032f2b0: 014a5671 0723fc7c 045bd2ac 0e2af288 qVJ.|.#...[...*.
0x0032f2c0: 013ac446 045bd2ac 0e2af22c 00002000 F.:...[.,.*.. ..
0x0032f2d0: 00000000 0000004e 00000000 00000000 ....N...........
0x0032f2e0: 00000000 0000004e 0032f2fc 0032f2fc ....N.....2...2.
0x0032f2f0: 0151aa02 00002000 0e2af22c 0032f32c ..Q.. ..,.*.,.2.
0x0032f300: 0151aab4 0e2af22c 0032f328 0e2af22c ..Q.,.*.(.2.,.*.
0x0032f310: 0000000e 00000000 00e69a38 0000000e ........8.......
0x0032f320: 0000000e 00e69a38 00000000 0032f37c ....8.......|.2.
0x0032f330: 0151b03d 0e2af22c 00df0dd8 0e2af22c =.Q.,.*.....,.*.
0x0032f340: 00002000 00000020 00df0dd8 00df0dd8 . .. ...........
0x0032f350: 000027aa 00000000 ffffffff 0032f37c .'..........|.2.
0x0032f360: 0149dec6 0032f374 0132f3d0 00df0dd8 ..I.t.2...2.....
0x0032f370: 00000846 0000017a ffffffff 0032f3d8 F...z.........2.
0x0032f380: 0152fe85 0e2af22c 00000000 00000000 ..R.,.*.........
0x0032f390: 00000010 00000000 75771194 00000200 ..........wu....
0x0032f3a0: ffffffff 00000001 047e11e8 047e3300 ..........~..3~.
0x0032f3b0: 047e3760 00000200 00df0dd8 04730fc8 `7~...........s.
0x0032f3c0: 047403f8 00df0dd8 047403f8 047403f8 ..t.......t...t.
0x0032f3d0: 000027aa 00000061 0032f3e8 015305e6 .'..a.....2...S.
0x0032f3e0: 00000000 0151e463 0032f3f8 015959f5 ....c.Q...2..YY.
0x0032f3f0: 00000001 00000000 0032f420 01595d06 ........ .2..]Y.
0x0032f400: 00000000 00000000 01595af0 00000000 .........ZY.....
0x0032f410: 00000000 0032f4ac 017dc121 00e772d4 ......2.!.}..r..
0x0032f420: 0032f44c 76c862fa 001606fe 00000010 L.2..b.v........
0x0032f430: 00000000 00000000 01595af0 dcbaabcd .........ZY.....
0x0032f440: 00000000 00000000 01595af0 0032f4c4 .........ZY...2.
0x0032f450: 76c86d3a 01595af0 001606fe 00000010 :m.v.ZY.........
0x0032f460: 00000000 00000000 954742d9 00000000 .........BG.....
0x0032f470: 001606fe 00000007 00000024 00000001 ........$.......
0x0032f480: 00000000 00000000 00000030 ffffffff ........0.......
0x0032f490: ffffffff 76c86ce9 00000000 0032f500 .....l.v......2.
0x0032f4a0: 00000001 00000000 00000000 0032f468 ............h.2.
0x0032f4b0: 0032e8fc 0032f510 76cea61e e3bddb45 ..2...2....vE...
0x0032f4c0: 00000000 0032f520 76c86de8 00000000 .... .2..m.v....
0x0032f4d0: 01595af0 001606fe 00000010 00000000 .ZY.............
0x0032f4e0: 00000000 01fccf98 00000001 9547433d ............=CG.
0x0032f4f0: 00871f20 00000000 00000007 00000000  ...............
0x0032f500: 00000000 00000000 0032f4ec 0032e8fc ..........2...2.
0x0032f510: 0032f56c 76cea61e e3bddbe5 fffffffe l.2....v........
0x0032f520: 0032f55c 76c86e44 01fccf70 00000000 \.2.Dn.vp.......
0x0032f530: 00000010 00000000 00000000 01595af0 .............ZY.
0x0032f540: 01fccf70 013edfea 04632460 00000000 p.....>.`$c.....
0x0032f550: 00000000 00000000 00000000 0032f620 ............ .2.
0x0032f560: 77b7010a 0032f574 00000000 0032f710 ...wt.2.......2.
0x0032f570: 77b70070 01fccf70 00000000 00000010 p..wp...........
0x0032f580: 00000000 00000000 01595af0 77b92612 .........ZY..&.w
0x0032f590: 00000000 76c872b9 76c874bb 001606fe .....r.v.t.v....
0x0032f5a0: 00000112 0000f060 00000000 00000000 ....`...........
0x0032f5b0: 0000029e 00000000 001606fe 0032f684 ..............2.
0x0032f5c0: 00000112 001606fe 00000112 00000028 ............(...
0x0032f5d0: 00000000 001606fe 0032f501 0032f614 ..........2...2.
0x0032f5e0: 76c8717a 001606fe 0000a918 00000112 zq.v............
0x0032f5f0: 76c8692a 00000000 76c87136 01360808 *i.v....6q.v..6.
0x0032f600: 001606fe 00000003 00000000 001606fe ................
0x0032f610: 0032f601 0032f64c 76c8717a 001606fe ..2.L.2.zq.v....
0x0032f620: 0032f640 76c86a8c 01fccf70 00000000 @.2..j.vp.......
0x0032f630: 00000112 0000f060 00000000 00000000 ....`...........
0x0032f640: 0032f658 74037744 001606fe 00000112 X.2.Dw.t........
0x0032f650: 0000f060 00000000 0032f668 7403a092 `.......h.2....t
0x0032f660: 0032f684 0139e778 0032f6bc 74030b0d ..2.x.9...2....t
0x0032f670: 0139e778 0032f684 0000f060 00000112 x.9...2.`.......
0x0032f680: 00000000 001606fe 00000112 0000f060 ............`...
0x0032f690: 00000000 00000004 000004b0 76c86a62 ............bj.v
0x0032f6a0: 00000000 00000001 00000000 00000000 ................
0x0032f6b0: 00000000 76c86a62 00000000 0032f6d8 ....bj.v......2.
0x0032f6c0: 74030b96 00000000 00000000 0000f060 ...t........`...
0x0032f6d0: 00000000 7403a069 0032f720 76c8729a ....i..t .2..r.v
0x0032f6e0: 001606fe 00000112 0000f060 00000000 ........`.......
0x0032f6f0: 9547413d 0000f060 00000112 00000000 =AG.`...........
0x0032f700: 00000001 0032f754 0032f6f0 00000112 ....T.2...2.....
0x0032f710: 0032f7e8 76cea61e e3bddd15 00000000 ..2....v........
0x0032f720: 0032f754 01595efe 001606fe 00000112 T.2..^Y.........
0x0032f730: 0000f060 00000000 00000001 01595af0 `............ZY.
0x0032f740: 00000000 00000001 001606fe 00000112 ................
0x0032f750: 0000f060 0032f780 76c862fa 001606fe `.....2..b.v....
0x0032f760: 00000112 00000000 00000000 01595af0 .............ZY.
0x0032f770: dcbaabcd 00000000 00000001 01595af0 .............ZY.
0x0032f780: 0032f7f8 76c87316 01595af0 001606fe ..2..s.v.ZY.....
0x0032f790: 00000112 0000f060 00000000 954741e5 ....`........AG.
0x0032f7a0: 0032f884 0032f87c 01fccf70 00000024 ..2.|.2.p...$...
0x0032f7b0: 00000001 00000000 00000000 00000030 ............0...
0x0032f7c0: ffffffff ffffffff 76c86ce9 00000000 .........l.v....
0x0032f7d0: 00000000 00000001 00000000 00000000 ................
0x0032f7e0: 0032f79c 0032fa4c 0032f848 76cea61e ..2.L.2.H.2....v
0x0032f7f0: e3bddb45 00000000 0032f858 76c877c4 E.......X.2..w.v
0x0032f800: 00000000 01595af0 001606fe 00000112 .....ZY.........
0x0032f810: 0000f060 00000000 01fccf98 00000001 `...............
0x0032f820: 95474e45 76c95f74 00000000 00000000 ENG.t_.v........
0x0032f830: 76c960dc 0000f060 00000000 0032f884 .`.v`.........2.
0x0032f840: 0032f820 00000001 0032fa4c 76cea61e  .2.....L.2....v
0x0032f850: e3bdc1f5 fffffffe 0032f868 76c87bca ........h.2..{.v
0x0032f860: 01595af0 00000001 0032f89c 01595fca .ZY.......2.._Y.
0x0032f870: 0032f87c 00000010 00000001 001606fe |.2.............
0x0032f880: 00000112 0000f060 00000000 04412dba ....`........-A.
0x0032f890: 0000023d 00000363 00000578 0032f9b4 =...c...x.....2.
0x0032f8a0: 01597b75 00000000 00000000 fffde000 u{Y.............
0x0032f8b0: 00df1a6c 003e2868 0032f84c 7fffffff l...h(>.L.2.....
0x0032f8c0: 0000002f 0000002f 043ec195 00df2200 /.../.....>.."..
0x0032f8d0: 77b8e38c 77b8e0f2 01e66808 00000000 ...w...w.h......
0x0032f8e0: 0000000f 003e1c10 6f6e6f00 6374652f ......>..ono/etc
0x0032f8f0: 0032f900 01856c99 00000000 0000000f ..2..l..........
0x0032f900: 0000000f 00df223c 00df2274 00df2274 ....<"..t"..t"..
0x0032f910: 01da7158 00df1a20 003e07d0 0032f900 Xq.. .....>...2.
0x0032f920: 0032f950 00000039 0000003f 01d28af0 P.2.9...?.......
0x0032f930: 00a13918 00df1b04 00000004 0032f874 .9..........t.2.
0x0032f940: 77b7faea 00000048 0000004f 49656e69 ...wH...O...ineI
0x0032f950: 00df2200 00000000 00000000 01c02ea8 ."..............
0x0032f960: 00000000 0000000f 0032f998 00000000 ..........2.....
0x0032f970: 616e614d 00646567 01844e3b 00000000 Managed.;N......
0x0032f980: 00000007 0000000f 01844e48 00a13918 ........HN...9..
0x0032f990: 6f6e6f4d 6e6f6d2f 6c642e6f 0100006c Mono/mono.dll...
0x0032f9a0: 0000000d 0000000f 003e1c10 00000000 ..........>.....
0x0032f9b0: 00000000 0032f9cc 0180ca78 013a0000 ......2.x.....:.
0x0032f9c0: 00000000 005f4363 00000001 0032fa5c ....cC_.....\.2.
0x0032f9d0: 01841970 013a0000 00000000 005f4363 p.....:.....cC_.
0x0032f9e0: 00000001 9548ace2 00000000 00000000 ......H.........
0x0032f9f0: fffde000 00000044 005f2976 005f2956 ....D...v)_.V)_.
0x0032fa00: 005f28e4 00000000 00000000 00000000 .(_.............
0x0032fa10: 00000000 00000000 00000000 00000000 ................
0x0032fa20: 00000401 00000001 00000000 00000000 ................
0x0032fa30: 00010001 00000000 0032fa48 00000000 ........H.2.....
0x0032fa40: 00000000 0032f9e4 5382777f 0032fa98 ......2..w.S..2.
0x0032fa50: 01843750 94a3614e 00000000 0032fa68 P7..Na......h.2.
0x0032fa60: 7577338a fffde000 0032faa8 77b99f72 .3wu......2.r..w
0x0032fa70: fffde000 73b4e945 00000000 00000000 ....E..s........
0x0032fa80: fffde000 00000000 00000000 00000000 ................
0x0032fa90: 0032fa74 00000000 ffffffff 77bd71f5 t.2..........q.w
0x0032faa0: 043ed6bd 00000000 0032fac0 77b99f45 ..>.......2.E..w
0x0032fab0: 018419c3 fffde000 00000000 00000000 ................
0x0032fac0: 00000000 00000000 018419c3 fffde000 ................
0x0032fad0: 00000000 00000000 00000000 00000000 ................
0x0032fae0: 00000000 00000000 00000000 00000000 ................
0x0032faf0: 00000000 00000000 00000000 00000000 ................
0x0032fb00: 00000000 00000000 00000000 00000000 ................
0x0032fb10: 00000000 00000000 00000000 00000000 ................
0x0032fb20: 00000000 00000000 00000000 00000000 ................
0x0032fb30: 00000000 00000000 00000000 00000000 ................
0x0032fb40: 00000000 00000000 00000000 00000000 ................
0x0032fb50: 00000000 00000000 00000000 00000000 ................
0x0032fb60: 00000000 00000000 00000000 00000000 ................
0x0032fb70: 00000000 00000000 00000000 00000000 ................
0x0032fb80: 00000000 00000000 00000000 00000000 ................
0x0032fb90: 00000000 00000000 00000000 00000000 ................
0x0032fba0: 00000000 00000000 00000000 00000000 ................
0x0032fbb0: 00000000 00000000 00000000 00000000 ................
0x0032fbc0: 00000000 00000000 00000000 00000000 ................
0x0032fbd0: 00000000 00000000 00000000 00000000 ................
0x0032fbe0: 00000000 00000000 00000000 00000000 ................
0x0032fbf0: 00000000 00000000 00000000 00000000 ................
0x0032fc00: 00000000 00000000 00000000 00000000 ................
0x0032fc10: 00000000 00000000 00000000 00000000 ................
0x0032fc20: 00000000 00000000 00000000 00000000 ................
0x0032fc30: 00000000 00000000 00000000 00000000 ................
0x0032fc40: 00000000 00000000 00000000 00000000 ................
0x0032fc50: 00000000 00000000 00000000 00000000 ................
0x0032fc60: 00000000 00000000 00000000 00000000 ................
0x0032fc70: 00000000 00000000 00000000 00000000 ................
0x0032fc80: 00000000 00000000 00000000 00000000 ................
0x0032fc90: 00000000 00000000 00000000 00000000 ................
0x0032fca0: 00000000 00000000 00000000 00000000 ................
0x0032fcb0: 00000000 00000000 00000000 00000000 ................
0x0032fcc0: 00000000 00000000 00000000 00000000 ................
0x0032fcd0: 00000000 00000000 00000000 00000000 ................
0x0032fce0: 00000000 00000000 00000000 00000000 ................
0x0032fcf0: 00000000 00000000 00000000 00000000 ................
0x0032fd00: 00000000 00000000 00000000 00000000 ................
0x0032fd10: 00000000 00000000 00000000 00000000 ................
0x0032fd20: 00000000 00000000 00000000 00000000 ................
0x0032fd30: 00000000 00000000 00000000 00000000 ................
0x0032fd40: 00000000 00000000 00000000 00000000 ................
0x0032fd50: 00000000 00000000 00000000 00000000 ................
0x0032fd60: 00000000 00000000 00000000 00000000 ................
0x0032fd70: 00000000 00000000 00000000 00000000 ................
0x0032fd80: 00000000 00000000 00000000 00000000 ................
0x0032fd90: 00000000 00000000 00000000 00000000 ................
0x0032fda0: 00000000 00000000 00000000 00000000 ................
0x0032fdb0: 00000000 00000000 00000000 00000000 ................
0x0032fdc0: 00000000 00000000 00000000 00000000 ................
0x0032fdd0: 00000000 00000000 00000000 00000000 ................
0x0032fde0: 00000000 00000000 00000000 00000000 ................
0x0032fdf0: 00000000 00000000 00000000 00000000 ................
0x0032fe00: 00000000 00000000 00000000 00000000 ................
0x0032fe10: 00000000 00000000 00000000 00000000 ................
0x0032fe20: 00000000 00000000 00000000 00000000 ................
0x0032fe30: 00000000 00000000 00000000 00000000 ................
0x0032fe40: 00000000 00000000 00000000 00000000 ................
0x0032fe50: 00000000 00000000 00000000 00000000 ................
0x0032fe60: 00000000 00000000 00000000 00000000 ................
0x0032fe70: 00000000 00000000 00000000 00000000 ................
0x0032fe80: 00000000 00000000 00000000 00000000 ................
0x0032fe90: 00000000 00000000 00000000 00000000 ................
0x0032fea0: 00000000 00000000 00000000 00000000 ................
0x0032feb0: 00000000 00000000 00000000 00000000 ................
0x0032fec0: 00000000 00000000 00000000 00000000 ................
0x0032fed0: 00000000 00000000 00000000 00000000 ................
0x0032fee0: 00000000 00000000 00000000 00000000 ................
0x0032fef0: 00000000 00000000 00000000 00000000 ................
0x0032ff00: 00000000 00000000 00000000 00000000 ................
0x0032ff10: 00000000 00000000 00000000 00000000 ................
0x0032ff20: 00000000 00000000 00000000 00000000 ................
0x0032ff30: 00000000 00000000 00000000 00000000 ................
0x0032ff40: 00000000 00000000 00000000 00000000 ................
0x0032ff50: 00000000 00000000 00000000 00000000 ................
0x0032ff60: 00000000 00000000 00000000 00000000 ................
0x0032ff70: 00000000 00000000 00000000 00000000 ................
0x0032ff80: 00000000 00000000 00000000 00000000 ................
0x0032ff90: 00000000 00000000 00000000 00000000 ................
0x0032ffa0: 00000000 00000000 00000000 00000000 ................
0x0032ffb0: 00000000 00000000 00000000 00000000 ................
0x0032ffc0: 00000000 00000000 00000000 00000000 ................
0x0032ffd0: 00000000 00000000 00000000 00000000 ................
0x0032ffe0: 00000000 00000000 00000000 00000000 ................
0x0032fff0: 00000000 00000000 00000000 00000000 ................

Module 1
C:\Users\Hacker\GitHub\meta_drone\new-interface\game.exe
Image Base: 0x013a0000  Image Size: 0x00bb4000
File Size:  11606016    File Time:  2015-01-18_104114
Version:
   Company:    
   Product:    
   FileDesc:   
   FileVer:    4.6.1.51269
   ProdVer:    4.6.1.51269

Module 2
C:\Windows\system32\nvspcap.dll
Image Base: 0x10000000  Image Size: 0x00114000
File Size:  1126480     File Time:  2014-07-25_090156
Version:
   Company:    NVIDIA Corporation
   Product:    NVIDIA GeForce Experience
   FileDesc:   NVIDIA Capture Server Proxy
   FileVer:    15.3.33.0
   ProdVer:    15.3.33.0

Module 3
C:\Users\Hacker\GitHub\meta_drone\new-interface\game_Data\Mono\mono.dll
Image Base: 0x10000000  Image Size: 0x0022f000
File Size:  2101760     File Time:  2014-12-05_064222
Version:
   Company:    
   Product:    
   FileDesc:   
   FileVer:    0.0.0.0
   ProdVer:    0.0.0.0

Module 4
C:\Windows\system32\nvwgf2um.dll
Image Base: 0x58bd0000  Image Size: 0x00f56000
File Size:  16122344    File Time:  2014-07-02_154832
Version:
   Company:    NVIDIA Corporation
   Product:    NVIDIA D3D10 drivers
   FileDesc:   NVIDIA D3D10 Driver, Version 340.52 
   FileVer:    9.18.13.4052
   ProdVer:    9.18.13.4052

Module 5
C:\Program Files (x86)\Meta\Meta SDK\Libraries\opencv\opencv_objdetect246.dll
Image Base: 0x5e930000  Image Size: 0x000ac000
File Size:  690688      File Time:  2013-07-01_200816
Version:
   Company:    
   Product:    
   FileDesc:   
   FileVer:    0.0.0.0
   ProdVer:    0.0.0.0

Module 6
C:\Program Files (x86)\Meta\Meta SDK\Libraries\opencv\opencv_contrib246.dll
Image Base: 0x5e9e0000  Image Size: 0x00129000
File Size:  1203712     File Time:  2013-07-01_200836
Version:
   Company:    
   Product:    
   FileDesc:   
   FileVer:    0.0.0.0
   ProdVer:    0.0.0.0

Module 7
C:\Program Files (x86)\Meta\Meta SDK\Libraries\opencv\opencv_calib3d246.dll
Image Base: 0x5eb10000  Image Size: 0x000ca000
File Size:  813568      File Time:  2013-07-01_200804
Version:
   Company:    
   Product:    
   FileDesc:   
   FileVer:    0.0.0.0
   ProdVer:    0.0.0.0

Module 8
C:\Program Files (x86)\Meta\Meta SDK\Libraries\opencv\opencv_imgproc246.dll
Image Base: 0x5ebe0000  Image Size: 0x0026a000
File Size:  1908224     File Time:  2013-07-01_200710
Version:
   Company:    
   Product:    
   FileDesc:   
   FileVer:    0.0.0.0
   ProdVer:    0.0.0.0

Module 9
C:\Program Files (x86)\Meta\Meta SDK\Libraries\opencv\opencv_highgui246.dll
Image Base: 0x5eea0000  Image Size: 0x0021e000
File Size:  2171904     File Time:  2013-07-01_200716
Version:
   Company:    
   Product:    
   FileDesc:   
   FileVer:    0.0.0.0
   ProdVer:    0.0.0.0

Module 10
C:\Program Files (x86)\Meta\Meta SDK\Libraries\opencv\opencv_legacy246.dll
Image Base: 0x5f790000  Image Size: 0x0013e000
File Size:  1283072     File Time:  2013-07-01_200852
Version:
   Company:    
   Product:    
   FileDesc:   
   FileVer:    0.0.0.0
   ProdVer:    0.0.0.0

Module 11
C:\Program Files (x86)\Meta\Meta SDK\Libraries\opencv\opencv_features2d246.dll
Image Base: 0x5f9a0000  Image Size: 0x000bd000
File Size:  757248      File Time:  2013-07-01_200754
Version:
   Company:    
   Product:    
   FileDesc:   
   FileVer:    0.0.0.0
   ProdVer:    0.0.0.0

Module 12
C:\Windows\system32\MSVCR110.dll
Image Base: 0x5fa60000  Image Size: 0x000d6000
File Size:  875472      File Time:  2012-11-06_022052
Version:
   Company:    Microsoft Corporation
   Product:    Microsoft® Visual Studio® 2012
   FileDesc:   Microsoft® C Runtime Library
   FileVer:    11.0.51106.1
   ProdVer:    11.0.51106.1

Module 13
C:\Program Files (x86)\Meta\Meta SDK\Libraries\opencv\opencv_core246.dll
Image Base: 0x5fbb0000  Image Size: 0x0020f000
File Size:  2137600     File Time:  2013-07-01_200644
Version:
   Company:    
   Product:    
   FileDesc:   
   FileVer:    0.0.0.0
   ProdVer:    0.0.0.0

Module 14
C:\Program Files (x86)\Meta\Meta SDK\Libraries\opencv\opencv_ml246.dll
Image Base: 0x5ff30000  Image Size: 0x00081000
File Size:  513024      File Time:  2013-07-01_200808
Version:
   Company:    
   Product:    
   FileDesc:   
   FileVer:    0.0.0.0
   ProdVer:    0.0.0.0

Module 15
C:\Program Files (x86)\Meta\Meta SDK\Libraries\opencv\opencv_flann246.dll
Image Base: 0x60210000  Image Size: 0x00084000
File Size:  527360      File Time:  2013-07-01_200650
Version:
   Company:    
   Product:    
   FileDesc:   
   FileVer:    0.0.0.0
   ProdVer:    0.0.0.0

Module 16
C:\Windows\system32\MSVCP110.dll
Image Base: 0x602a0000  Image Size: 0x00085000
File Size:  535008      File Time:  2012-11-06_022052
Version:
   Company:    Microsoft Corporation
   Product:    Microsoft® Visual Studio® 2012
   FileDesc:   Microsoft® C Runtime Library
   FileVer:    11.0.51106.1
   ProdVer:    11.0.51106.1

Module 17
C:\Program Files (x86)\Meta\DepthSenseSDK\bin\DepthSense.dll
Image Base: 0x60330000  Image Size: 0x00121000
File Size:  1166336     File Time:  2014-07-01_103842
Version:
   Company:    SoftKinetic International SA
   Product:    DepthSenseSDK
   FileDesc:   DepthSense Core Library
   FileVer:    1.4.3.1527
   ProdVer:    1.4.3.1527

Module 18
C:\Users\Hacker\GitHub\meta_drone\new-interface\game_Data\Plugins\MetaVisionDLL.dll
Image Base: 0x60460000  Image Size: 0x000ee000
File Size:  890880      File Time:  2014-12-02_204426
Version:
   Company:    
   Product:    
   FileDesc:   
   FileVer:    0.0.0.0
   ProdVer:    0.0.0.0

Module 19
C:\Program Files (x86)\Meta\DepthSenseSDK\bin\DepthSensePlugins.dll
Image Base: 0x605a0000  Image Size: 0x0009d000
File Size:  625152      File Time:  2014-07-01_103754
Version:
   Company:    SoftKinetic International SA
   Product:    DepthSenseSDK
   FileDesc:   DepthSense Plugins Library
   FileVer:    1.4.3.1527
   ProdVer:    1.4.3.1527

Module 20
C:\Windows\system32\nvapi.dll
Image Base: 0x611b0000  Image Size: 0x002d2000
File Size:  2814656     File Time:  2014-07-02_154832
Version:
   Company:    NVIDIA Corporation
   Product:    NVIDIA Windows drivers
   FileDesc:   NVIDIA NVAPI Library, Version 340.52 
   FileVer:    9.18.13.4052
   ProdVer:    9.18.13.4052

Module 21
C:\Windows\system32\HID.DLL
Image Base: 0x61490000  Image Size: 0x00009000
File Size:  22016       File Time:  2009-07-13_201526
Version:
   Company:    Microsoft Corporation
   Product:    Microsoft® Windows® Operating System
   FileDesc:   Hid User Library
   FileVer:    6.1.7600.16385
   ProdVer:    6.1.7600.16385

Module 22
C:\Program Files (x86)\Meta\Meta SDK\Libraries\opencv\boost_system-vc110-mt-1_55.dll
Image Base: 0x6bce0000  Image Size: 0x00008000
File Size:  16896       File Time:  2014-06-30_010436
Version:
   Company:    
   Product:    
   FileDesc:   
   FileVer:    0.0.0.0
   ProdVer:    0.0.0.0

Module 23
C:\Windows\system32\AUDIOSES.DLL
Image Base: 0x6bd20000  Image Size: 0x00036000
File Size:  195584      File Time:  2014-10-02_204428
Version:
   Company:    Microsoft Corporation
   Product:    Microsoft® Windows® Operating System
   FileDesc:   Audio Session
   FileVer:    6.1.7601.18619
   ProdVer:    6.1.7601.18619

Module 24
C:\Program Files (x86)\Meta\Meta SDK\Libraries\opencv\opencv_video246.dll
Image Base: 0x6bd60000  Image Size: 0x00060000
File Size:  379392      File Time:  2013-07-01_200822
Version:
   Company:    
   Product:    
   FileDesc:   
   FileVer:    0.0.0.0
   ProdVer:    0.0.0.0

Module 25
C:\Program Files (x86)\Meta\DepthSenseSDK\bin\turbojpeg.dll
Image Base: 0x6bdc0000  Image Size: 0x00066000
File Size:  332800      File Time:  2012-01-26_081110
Version:
   Company:    
   Product:    
   FileDesc:   
   FileVer:    0.0.0.0
   ProdVer:    0.0.0.0

Module 26
C:\Windows\system32\dsound.dll
Image Base: 0x6be30000  Image Size: 0x00072000
File Size:  453632      File Time:  2009-07-13_201514
Version:
   Company:    Microsoft Corporation
   Product:    Microsoft® Windows® Operating System
   FileDesc:   DirectSound
   FileVer:    6.1.7600.16385
   ProdVer:    6.1.7600.16385

Module 27
C:\Windows\system32\MMDevAPI.DLL
Image Base: 0x6bf00000  Image Size: 0x00039000
File Size:  213504      File Time:  2010-11-20_071940
Version:
   Company:    Microsoft Corporation
   Product:    Microsoft® Windows® Operating System
   FileDesc:   MMDevice API
   FileVer:    6.1.7601.17514
   ProdVer:    6.1.7601.17514

Module 28
C:\Windows\system32\AVRT.dll
Image Base: 0x6cf60000  Image Size: 0x00007000
File Size:  14336       File Time:  2009-07-13_201500
Version:
   Company:    Microsoft Corporation
   Product:    Microsoft® Windows® Operating System
   FileDesc:   Multimedia Realtime Runtime
   FileVer:    6.1.7600.16385
   ProdVer:    6.1.7600.16385

Module 29
C:\Windows\system32\DDRAW.dll
Image Base: 0x6e210000  Image Size: 0x000e7000
File Size:  531968      File Time:  2009-07-13_201512
Version:
   Company:    Microsoft Corporation
   Product:    Microsoft® Windows® Operating System
   FileDesc:   Microsoft DirectDraw
   FileVer:    6.1.7600.16385
   ProdVer:    6.1.7600.16385

Module 30
C:\Windows\system32\MSVCP100.dll
Image Base: 0x6e740000  Image Size: 0x00069000
File Size:  421200      File Time:  2011-06-11_015852
Version:
   Company:    Microsoft Corporation
   Product:    Microsoft® Visual Studio® 2010
   FileDesc:   Microsoft® C Runtime Library
   FileVer:    10.0.40219.325
   ProdVer:    10.0.40219.325

Module 31
C:\Windows\system32\ksuser.dll
Image Base: 0x6e7b0000  Image Size: 0x00004000
File Size:  4608        File Time:  2009-07-13_201536
Version:
   Company:    Microsoft Corporation
   Product:    Microsoft® Windows® Operating System
   FileDesc:   User CSA Library
   FileVer:    6.1.7600.16385
   ProdVer:    6.1.7600.16385

Module 32
C:\Windows\system32\d3d11.dll
Image Base: 0x6e820000  Image Size: 0x00175000
File Size:  1505280     File Time:  2014-09-20_214356
Version:
   Company:    Microsoft Corporation
   Product:    Microsoft® Windows® Operating System
   FileDesc:   Direct3D 11 Runtime
   FileVer:    6.2.9200.16570
   ProdVer:    6.2.9200.16570

Module 33
C:\Windows\system32\dxgi.dll
Image Base: 0x6e9b0000  Image Size: 0x0004c000
File Size:  293376      File Time:  2014-09-20_214452
Version:
   Company:    Microsoft Corporation
   Product:    Microsoft® Windows® Operating System
   FileDesc:   DirectX Graphics Infrastructure
   FileVer:    6.2.9200.16492
   ProdVer:    6.2.9200.16492

Module 34
C:\Windows\system32\MSVCR100.dll
Image Base: 0x6f560000  Image Size: 0x000bf000
File Size:  773968      File Time:  2011-06-11_015852
Version:
   Company:    Microsoft Corporation
   Product:    Microsoft® Visual Studio® 2010
   FileDesc:   Microsoft® C Runtime Library
   FileVer:    10.0.40219.325
   ProdVer:    10.0.40219.325

Module 35
C:\Windows\system32\DCIMAN32.dll
Image Base: 0x6f650000  Image Size: 0x00006000
File Size:  10240       File Time:  2013-06-05_235058
Version:
   Company:    Microsoft Corporation
   Product:    Microsoft® Windows® Operating System
   FileDesc:   DCI Manager
   FileVer:    6.1.7601.18177
   ProdVer:    6.1.7601.18177

Module 36
C:\Windows\system32\GLU32.dll
Image Base: 0x6f660000  Image Size: 0x00022000
File Size:  130048      File Time:  2009-07-13_201524
Version:
   Company:    Microsoft Corporation
   Product:    Microsoft® Windows® Operating System
   FileDesc:   OpenGL Utility Library DLL
   FileVer:    6.1.7600.16385
   ProdVer:    6.1.7600.16385

Module 37
C:\Windows\system32\OPENGL32.dll
Image Base: 0x6f690000  Image Size: 0x000c8000
File Size:  791552      File Time:  2009-07-13_201614
Version:
   Company:    Microsoft Corporation
   Product:    Microsoft® Windows® Operating System
   FileDesc:   OpenGL Client DLL
   FileVer:    6.1.7600.16385
   ProdVer:    6.1.7600.16385

Module 38
C:\Windows\System32\wshtcpip.dll
Image Base: 0x71a00000  Image Size: 0x00005000
File Size:  9216        File Time:  2009-07-13_201622
Version:
   Company:    Microsoft Corporation
   Product:    Microsoft® Windows® Operating System
   FileDesc:   Winsock2 Helper DLL (TL/IPv4)
   FileVer:    6.1.7600.16385
   ProdVer:    6.1.7600.16385

Module 39
C:\Windows\system32\WINNSI.DLL
Image Base: 0x71a10000  Image Size: 0x00007000
File Size:  16896       File Time:  2009-07-13_201620
Version:
   Company:    Microsoft Corporation
   Product:    Microsoft® Windows® Operating System
   FileDesc:   Network Store Information RPC interface
   FileVer:    6.1.7600.16385
   ProdVer:    6.1.7600.16385

Module 40
C:\Windows\system32\IPHLPAPI.DLL
Image Base: 0x71a20000  Image Size: 0x0001c000
File Size:  103936      File Time:  2010-11-20_071924
Version:
   Company:    Microsoft Corporation
   Product:    Microsoft® Windows® Operating System
   FileDesc:   IP Helper API
   FileVer:    6.1.7601.17514
   ProdVer:    6.1.7601.17514

Module 41
C:\Windows\system32\webio.dll
Image Base: 0x71a40000  Image Size: 0x0004f000
File Size:  314880      File Time:  2011-11-17_003504
Version:
   Company:    Microsoft Corporation
   Product:    Microsoft® Windows® Operating System
   FileDesc:   Web Transfer Protocols API
   FileVer:    6.1.7601.17725
   ProdVer:    6.1.7601.17725

Module 42
C:\Windows\system32\WINHTTP.dll
Image Base: 0x71a90000  Image Size: 0x00058000
File Size:  351232      File Time:  2010-11-20_072138
Version:
   Company:    Microsoft Corporation
   Product:    Microsoft® Windows® Operating System
   FileDesc:   Windows HTTP Services
   FileVer:    6.1.7601.17514
   ProdVer:    6.1.7601.17514

Module 43
C:\Windows\system32\MSWSOCK.dll
Image Base: 0x71af0000  Image Size: 0x0003c000
File Size:  232448      File Time:  2010-11-20_071958
Version:
   Company:    Microsoft Corporation
   Product:    Microsoft® Windows® Operating System
   FileDesc:   Microsoft Windows Sockets 2.0 Service Provider
   FileVer:    6.1.7601.17514
   ProdVer:    6.1.7601.17514

Module 44
C:\Windows\system32\DNSAPI.dll
Image Base: 0x71b50000  Image Size: 0x00044000
File Size:  270336      File Time:  2011-03-03_003802
Version:
   Company:    Microsoft Corporation
   Product:    Microsoft® Windows® Operating System
   FileDesc:   DNS Client API DLL
   FileVer:    6.1.7601.17570
   ProdVer:    6.1.7601.17570

Module 45
C:\Windows\WinSxS\x86_microsoft.windows.common-controls_6595b64144ccf1df_6.0.7601.17514_none_41e6975e2bd6f2b2\comctl32.dll
Image Base: 0x729c0000  Image Size: 0x0019e000
File Size:  1680896     File Time:  2010-11-20_065510
Version:
   Company:    Microsoft Corporation
   Product:    Microsoft® Windows® Operating System
   FileDesc:   User Experience Controls Library
   FileVer:    6.10.7601.17514
   ProdVer:    6.1.7601.17514

Module 46
C:\Windows\system32\PROPSYS.dll
Image Base: 0x72b60000  Image Size: 0x000f5000
File Size:  988160      File Time:  2010-11-20_072058
Version:
   Company:    Microsoft Corporation
   Product:    Windows® Search
   FileDesc:   Microsoft Property System
   FileVer:    7.0.7601.17514
   ProdVer:    7.0.7601.17514

Module 47
C:\Windows\SysWOW64\bcryptprimitives.dll
Image Base: 0x72ca0000  Image Size: 0x0003d000
File Size:  249680      File Time:  2009-07-13_201756
Version:
   Company:    Microsoft Corporation
   Product:    Microsoft® Windows® Operating System
   FileDesc:   Windows Cryptographic Primitives Library
   FileVer:    6.1.7600.16385
   ProdVer:    6.1.7600.16385

Module 48
C:\Windows\system32\bcrypt.dll
Image Base: 0x72ce0000  Image Size: 0x00017000
File Size:  80896       File Time:  2009-07-13_201122
Version:
   Company:    Microsoft Corporation
   Product:    Microsoft® Windows® Operating System
   FileDesc:   Windows Cryptographic Primitives Library (Wow64)
   FileVer:    6.1.7600.16385
   ProdVer:    6.1.7600.16385

Module 49
C:\Windows\system32\wdmaud.drv
Image Base: 0x735e0000  Image Size: 0x00030000
File Size:  172032      File Time:  2010-11-20_071652
Version:
   Company:    Microsoft Corporation
   Product:    Microsoft® Windows® Operating System
   FileDesc:   Winmm  audio system driver
   FileVer:    6.1.7601.17514
   ProdVer:    6.1.7601.17514

Module 50
C:\Windows\system32\midimap.dll
Image Base: 0x73620000  Image Size: 0x00007000
File Size:  16896       File Time:  2009-07-13_201542
Version:
   Company:    Microsoft Corporation
   Product:    Microsoft® Windows® Operating System
   FileDesc:   Microsoft MIDI Mapper
   FileVer:    6.1.7600.16385
   ProdVer:    6.1.7600.16385

Module 51
C:\Windows\system32\msacm32.drv
Image Base: 0x73630000  Image Size: 0x00008000
File Size:  20992       File Time:  2009-07-13_201410
Version:
   Company:    Microsoft Corporation
   Product:    Microsoft® Windows® Operating System
   FileDesc:   Microsoft Sound Mapper
   FileVer:    6.1.7600.16385
   ProdVer:    6.1.7600.16385

Module 52
C:\Windows\system32\rasadhlp.dll
Image Base: 0x73df0000  Image Size: 0x00006000
File Size:  11776       File Time:  2009-07-13_201614
Version:
   Company:    Microsoft Corporation
   Product:    Microsoft® Windows® Operating System
   FileDesc:   Remote Access AutoDial Helper
   FileVer:    6.1.7600.16385
   ProdVer:    6.1.7600.16385

Module 53
C:\Windows\System32\fwpuclnt.dll
Image Base: 0x73e00000  Image Size: 0x00038000
File Size:  216576      File Time:  2013-10-11_210126
Version:
   Company:    Microsoft Corporation
   Product:    Microsoft® Windows® Operating System
   FileDesc:   FWP/IPsec User-Mode API
   FileVer:    6.1.7601.18283
   ProdVer:    6.1.7601.18283

Module 54
C:\Windows\System32\winrnr.dll
Image Base: 0x73e40000  Image Size: 0x00008000
File Size:  20992       File Time:  2009-07-13_201620
Version:
   Company:    Microsoft Corporation
   Product:    Microsoft® Windows® Operating System
   FileDesc:   LDAP RnR Provider DLL
   FileVer:    6.1.7600.16385
   ProdVer:    6.1.7600.16385

Module 55
C:\Windows\system32\wshbth.dll
Image Base: 0x73e50000  Image Size: 0x0000d000
File Size:  36352       File Time:  2010-11-20_072140
Version:
   Company:    Microsoft Corporation
   Product:    Microsoft® Windows® Operating System
   FileDesc:   Windows Sockets Helper DLL
   FileVer:    6.1.7601.17514
   ProdVer:    6.1.7601.17514

Module 56
C:\Windows\system32\pnrpnsp.dll
Image Base: 0x73e60000  Image Size: 0x00012000
File Size:  65024       File Time:  2009-07-13_201614
Version:
   Company:    Microsoft Corporation
   Product:    Microsoft® Windows® Operating System
   FileDesc:   PNRP Name Space Provider
   FileVer:    6.1.7600.16385
   ProdVer:    6.1.7600.16385

Module 57
C:\Windows\system32\napinsp.dll
Image Base: 0x73e80000  Image Size: 0x00010000
File Size:  52224       File Time:  2009-07-13_201604
Version:
   Company:    Microsoft Corporation
   Product:    Microsoft® Windows® Operating System
   FileDesc:   E-mail Naming Shim Provider
   FileVer:    6.1.7600.16385
   ProdVer:    6.1.7600.16385

Module 58
C:\Windows\system32\NLAapi.dll
Image Base: 0x73e90000  Image Size: 0x00010000
File Size:  52224       File Time:  2014-12-05_225020
Version:
   Company:    Microsoft Corporation
   Product:    Microsoft® Windows® Operating System
   FileDesc:   Network Location Awareness 2
   FileVer:    6.1.7601.18685
   ProdVer:    6.1.7601.18685

Module 59
C:\Windows\system32\dwmapi.dll
Image Base: 0x74000000  Image Size: 0x00013000
File Size:  67072       File Time:  2009-07-13_201514
Version:
   Company:    Microsoft Corporation
   Product:    Microsoft® Windows® Operating System
   FileDesc:   Microsoft Desktop Window Manager API
   FileVer:    6.1.7600.16385
   ProdVer:    6.1.7600.16385

Module 60
C:\Windows\system32\uxtheme.dll
Image Base: 0x74020000  Image Size: 0x00080000
File Size:  245760      File Time:  2009-07-13_201126
Version:
   Company:    Microsoft Corporation
   Product:    Microsoft® Windows® Operating System
   FileDesc:   Microsoft UxTheme Library
   FileVer:    6.1.7600.16385
   ProdVer:    6.1.7600.16385

Module 61
C:\Windows\system32\apphelp.dll
Image Base: 0x74ed0000  Image Size: 0x0004c000
File Size:  295936      File Time:  2010-11-20_071804
Version:
   Company:    Microsoft Corporation
   Product:    Microsoft® Windows® Operating System
   FileDesc:   Application Compatibility Client Library
   FileVer:    6.1.7601.17514
   ProdVer:    6.1.7601.17514

Module 62
C:\Windows\system32\dbghelp.dll
Image Base: 0x75020000  Image Size: 0x000eb000
File Size:  854016      File Time:  2010-11-20_071828
Version:
   Company:    Microsoft Corporation
   Product:    Microsoft® Windows® Operating System
   FileDesc:   Windows Image Helper
   FileVer:    6.1.7601.17514
   ProdVer:    6.1.7601.17514

Module 63
C:\Windows\system32\POWRPROF.dll
Image Base: 0x75110000  Image Size: 0x00025000
File Size:  145408      File Time:  2009-07-13_201614
Version:
   Company:    Microsoft Corporation
   Product:    Microsoft® Windows® Operating System
   FileDesc:   Power Profile Helper DLL
   FileVer:    6.1.7600.16385
   ProdVer:    6.1.7600.16385

Module 64
C:\Windows\system32\AVIFIL32.dll
Image Base: 0x75290000  Image Size: 0x00019000
File Size:  91648       File Time:  2010-11-20_071806
Version:
   Company:    Microsoft Corporation
   Product:    Microsoft® Windows® Operating System
   FileDesc:   Microsoft AVI File support library
   FileVer:    6.1.7601.17514
   ProdVer:    6.1.7601.17514

Module 65
C:\Windows\system32\AVICAP32.dll
Image Base: 0x752b0000  Image Size: 0x00013000
File Size:  65024       File Time:  2009-07-13_201458
Version:
   Company:    Microsoft Corporation
   Product:    Microsoft® Windows® Operating System
   FileDesc:   AVI Capture window class
   FileVer:    6.1.7600.16385
   ProdVer:    6.1.7600.16385

Module 66
C:\Windows\system32\MSVFW32.dll
Image Base: 0x752d0000  Image Size: 0x00021000
File Size:  120320      File Time:  2010-11-20_071956
Version:
   Company:    Microsoft Corporation
   Product:    Microsoft® Windows® Operating System
   FileDesc:   Microsoft Video for Windows DLL
   FileVer:    6.1.7601.17514
   ProdVer:    6.1.7601.17514

Module 67
C:\Windows\system32\MSACM32.dll
Image Base: 0x75300000  Image Size: 0x00014000
File Size:  72192       File Time:  2009-07-13_201544
Version:
   Company:    Microsoft Corporation
   Product:    Microsoft® Windows® Operating System
   FileDesc:   Microsoft ACM Audio Filter
   FileVer:    6.1.7600.16385
   ProdVer:    6.1.7600.16385

Module 68
C:\Windows\system32\WINMM.dll
Image Base: 0x75320000  Image Size: 0x00032000
File Size:  194048      File Time:  2010-11-20_072138
Version:
   Company:    Microsoft Corporation
   Product:    Microsoft® Windows® Operating System
   FileDesc:   MCI API DLL
   FileVer:    6.1.7601.17514
   ProdVer:    6.1.7601.17514

Module 69
C:\Windows\system32\VERSION.dll
Image Base: 0x75420000  Image Size: 0x00009000
File Size:  21504       File Time:  2009-07-13_201618
Version:
   Company:    Microsoft Corporation
   Product:    Microsoft® Windows® Operating System
   FileDesc:   Version Checking and File Installation Libraries
   FileVer:    6.1.7600.16385
   ProdVer:    6.1.7600.16385

Module 70
C:\Windows\syswow64\CRYPTBASE.dll
Image Base: 0x754f0000  Image Size: 0x0000c000
File Size:  36864       File Time:  2009-07-13_201508
Version:
   Company:    Microsoft Corporation
   Product:    Microsoft® Windows® Operating System
   FileDesc:   Base cryptographic API DLL
   FileVer:    6.1.7600.16385
   ProdVer:    6.1.7600.16385

Module 71
C:\Windows\syswow64\SspiCli.dll
Image Base: 0x75500000  Image Size: 0x00060000
File Size:  96768       File Time:  2014-10-13_204940
Version:
   Company:    Microsoft Corporation
   Product:    Microsoft® Windows® Operating System
   FileDesc:   Security Support Provider Interface
   FileVer:    6.1.7601.18637
   ProdVer:    6.1.7601.18637

Module 72
C:\Windows\syswow64\LPK.dll
Image Base: 0x75750000  Image Size: 0x0000a000
File Size:  25600       File Time:  2013-06-05_235702
Version:
   Company:    Microsoft Corporation
   Product:    Microsoft® Windows® Operating System
   FileDesc:   Language Pack
   FileVer:    6.1.7601.18177
   ProdVer:    6.1.7601.18177

Module 73
C:\Windows\syswow64\kernel32.dll
Image Base: 0x75760000  Image Size: 0x00110000
File Size:  1114112     File Time:  2014-03-04_041618
Version:
   Company:    Microsoft Corporation
   Product:    Microsoft® Windows® Operating System
   FileDesc:   Windows NT BASE API Client DLL
   FileVer:    6.1.7601.18409
   ProdVer:    6.1.7601.18409

Module 74
C:\Windows\syswow64\CFGMGR32.dll
Image Base: 0x75910000  Image Size: 0x00027000
File Size:  145920      File Time:  2011-05-24_053940
Version:
   Company:    Microsoft Corporation
   Product:    Microsoft® Windows® Operating System
   FileDesc:   Configuration Manager DLL
   FileVer:    6.1.7601.17621
   ProdVer:    6.1.7601.17621

Module 75
C:\Windows\syswow64\GDI32.dll
Image Base: 0x75940000  Image Size: 0x00090000
File Size:  311808      File Time:  2014-08-22_204556
Version:
   Company:    Microsoft Corporation
   Product:    Microsoft® Windows® Operating System
   FileDesc:   GDI Client DLL
   FileVer:    6.1.7601.18577
   ProdVer:    6.1.7601.18577

Module 76
C:\Windows\syswow64\SETUPAPI.dll
Image Base: 0x759d0000  Image Size: 0x0019d000
File Size:  1667584     File Time:  2010-11-20_072116
Version:
   Company:    Microsoft Corporation
   Product:    Microsoft® Windows® Operating System
   FileDesc:   Windows Setup API
   FileVer:    6.1.7601.17514
   ProdVer:    6.1.7601.17514

Module 77
C:\Windows\syswow64\ADVAPI32.dll
Image Base: 0x75b70000  Image Size: 0x000a0000
File Size:  640512      File Time:  2014-09-20_214530
Version:
   Company:    Microsoft Corporation
   Product:    Microsoft® Windows® Operating System
   FileDesc:   Advanced Windows 32 Base API
   FileVer:    6.1.7601.18247
   ProdVer:    6.1.7601.18247

Module 78
C:\Windows\syswow64\RPCRT4.dll
Image Base: 0x75c10000  Image Size: 0x000f0000
File Size:  664064      File Time:  2014-07-13_204100
Version:
   Company:    Microsoft Corporation
   Product:    Microsoft® Windows® Operating System
   FileDesc:   Remote Procedure Call Runtime
   FileVer:    6.1.7601.18532
   ProdVer:    6.1.7601.18532

Module 79
C:\Windows\syswow64\OLEAUT32.dll
Image Base: 0x75d10000  Image Size: 0x0008f000
File Size:  571904      File Time:  2014-10-17_203320
Version:
   Company:    Microsoft Corporation
   Product:    
   FileDesc:   
   FileVer:    6.1.7601.18640
   ProdVer:    6.1.7601.18640

Module 80
C:\Windows\syswow64\NSI.dll
Image Base: 0x75da0000  Image Size: 0x00006000
File Size:  8704        File Time:  2009-07-13_201612
Version:
   Company:    Microsoft Corporation
   Product:    Microsoft® Windows® Operating System
   FileDesc:   NSI User-mode interface DLL
   FileVer:    6.1.7600.16385
   ProdVer:    6.1.7600.16385

Module 81
C:\Windows\syswow64\MSASN1.dll
Image Base: 0x75db0000  Image Size: 0x0000c000
File Size:  34304       File Time:  2010-11-20_071946
Version:
   Company:    Microsoft Corporation
   Product:    Microsoft® Windows® Operating System
   FileDesc:   ASN.1 Runtime APIs
   FileVer:    6.1.7601.17514
   ProdVer:    6.1.7601.17514

Module 82
C:\Windows\syswow64\SHELL32.dll
Image Base: 0x75dc0000  Image Size: 0x00c4a000
File Size:  12874240    File Time:  2014-03-24_210956
Version:
   Company:    Microsoft Corporation
   Product:    Microsoft® Windows® Operating System
   FileDesc:   Windows Shell Common Dll
   FileVer:    6.1.7601.18429
   ProdVer:    6.1.7601.18429

Module 83
C:\Windows\SysWOW64\sechost.dll
Image Base: 0x76c50000  Image Size: 0x00019000
File Size:  92160       File Time:  2009-07-13_201614
Version:
   Company:    Microsoft Corporation
   Product:    Microsoft® Windows® Operating System
   FileDesc:   Host for SCM/SDDL/LSA Lookup APIs
   FileVer:    6.1.7600.16385
   ProdVer:    6.1.7600.16385

Module 84
C:\Windows\syswow64\USER32.dll
Image Base: 0x76c70000  Image Size: 0x00100000
File Size:  833024      File Time:  2010-11-20_070858
Version:
   Company:    Microsoft Corporation
   Product:    Microsoft® Windows® Operating System
   FileDesc:   Multi-User Windows USER API Client DLL
   FileVer:    6.1.7601.17514
   ProdVer:    6.1.7601.17514

Module 85
C:\Windows\syswow64\msvcrt.dll
Image Base: 0x76d70000  Image Size: 0x000ac000
File Size:  690688      File Time:  2011-12-16_025300
Version:
   Company:    Microsoft Corporation
   Product:    Microsoft® Windows® Operating System
   FileDesc:   Windows NT CRT DLL
   FileVer:    7.0.7601.17744
   ProdVer:    6.1.8638.17744

Module 86
C:\Windows\syswow64\ole32.dll
Image Base: 0x76ed0000  Image Size: 0x0015c000
File Size:  1414144     File Time:  2010-11-20_072050
Version:
   Company:    Microsoft Corporation
   Product:    Microsoft® Windows® Operating System
   FileDesc:   Microsoft OLE for Windows
   FileVer:    6.1.7601.17514
   ProdVer:    6.1.7601.17514

Module 87
C:\Windows\syswow64\profapi.dll
Image Base: 0x77180000  Image Size: 0x0000b000
File Size:  31744       File Time:  2009-07-13_201614
Version:
   Company:    Microsoft Corporation
   Product:    Microsoft® Windows® Operating System
   FileDesc:   User Profile Basic API
   FileVer:    6.1.7600.16385
   ProdVer:    6.1.7600.16385

Module 88
C:\Windows\syswow64\SHLWAPI.dll
Image Base: 0x77210000  Image Size: 0x00057000
File Size:  350208      File Time:  2010-11-20_072120
Version:
   Company:    Microsoft Corporation
   Product:    Microsoft® Windows® Operating System
   FileDesc:   Shell Light-weight Utility Library
   FileVer:    6.1.7601.17514
   ProdVer:    6.1.7601.17514

Module 89
C:\Windows\syswow64\WINTRUST.dll
Image Base: 0x77290000  Image Size: 0x0002e000
File Size:  175104      File Time:  2013-07-08_235212
Version:
   Company:    Microsoft Corporation
   Product:    Microsoft® Windows® Operating System
   FileDesc:   Microsoft Trust Verification APIs
   FileVer:    6.1.7601.18205
   ProdVer:    6.1.7601.18205

Module 90
C:\Windows\syswow64\USP10.dll
Image Base: 0x772c0000  Image Size: 0x0009d000
File Size:  626688      File Time:  2014-04-24_210618
Version:
   Company:    Microsoft Corporation
   Product:    Microsoft(R) Uniscribe Unicode script processor
   FileDesc:   Uniscribe Unicode script processor
   FileVer:    1.626.7601.18454
   ProdVer:    1.626.7601.18454

Module 91
C:\Windows\syswow64\KERNELBASE.dll
Image Base: 0x77370000  Image Size: 0x00047000
File Size:  274944      File Time:  2014-03-04_041620
Version:
   Company:    Microsoft Corporation
   Product:    Microsoft® Windows® Operating System
   FileDesc:   Windows NT BASE API Client DLL
   FileVer:    6.1.7601.18409
   ProdVer:    6.1.7601.18409

Module 92
C:\Windows\syswow64\WS2_32.dll
Image Base: 0x773c0000  Image Size: 0x00035000
File Size:  206848      File Time:  2010-11-20_072140
Version:
   Company:    Microsoft Corporation
   Product:    Microsoft® Windows® Operating System
   FileDesc:   Windows Socket 2.0 32-Bit DLL
   FileVer:    6.1.7601.17514
   ProdVer:    6.1.7601.17514

Module 93
C:\Windows\syswow64\CRYPT32.dll
Image Base: 0x77410000  Image Size: 0x00120000
File Size:  1168384     File Time:  2013-10-05_145726
Version:
   Company:    Microsoft Corporation
   Product:    Microsoft® Windows® Operating System
   FileDesc:   Crypto API32
   FileVer:    6.1.7601.18277
   ProdVer:    6.1.7601.18277

Module 94
C:\Windows\syswow64\PSAPI.DLL
Image Base: 0x77560000  Image Size: 0x00005000
File Size:  6144        File Time:  2009-07-13_201614
Version:
   Company:    Microsoft Corporation
   Product:    Microsoft® Windows® Operating System
   FileDesc:   Process Status Helper
   FileVer:    6.1.7600.16385
   ProdVer:    6.1.7600.16385

Module 95
C:\Windows\syswow64\DEVOBJ.dll
Image Base: 0x77570000  Image Size: 0x00012000
File Size:  64512       File Time:  2011-05-24_054006
Version:
   Company:    Microsoft Corporation
   Product:    Microsoft® Windows® Operating System
   FileDesc:   Device Information Set DLL
   FileVer:    6.1.7601.17621
   ProdVer:    6.1.7601.17621

Module 96
C:\Windows\syswow64\MSCTF.dll
Image Base: 0x775a0000  Image Size: 0x000cc000
File Size:  828928      File Time:  2009-07-13_201544
Version:
   Company:    Microsoft Corporation
   Product:    Microsoft® Windows® Operating System
   FileDesc:   MSCTF Server DLL
   FileVer:    6.1.7600.16385
   ProdVer:    6.1.7600.16385

Module 97
C:\Windows\syswow64\IMM32.dll
Image Base: 0x77670000  Image Size: 0x00060000
File Size:  119808      File Time:  2010-11-20_070852
Version:
   Company:    Microsoft Corporation
   Product:    Microsoft® Windows® Operating System
   FileDesc:   Multi-User Windows IMM32 API Client DLL
   FileVer:    6.1.7601.17514
   ProdVer:    6.1.7601.17514

Module 98
C:\Windows\syswow64\CLBCatQ.DLL
Image Base: 0x776d0000  Image Size: 0x00083000
File Size:  522240      File Time:  2009-07-13_201504
Version:
   Company:    Microsoft Corporation
   Product:    Microsoft® Windows® Operating System
   FileDesc:   COM+ Configuration Catalog
   FileVer:    2001.12.8530.16385
   ProdVer:    6.1.7600.16385

Module 99
C:\Windows\SysWOW64\ntdll.dll
Image Base: 0x77b60000  Image Size: 0x00180000
File Size:  1292192     File Time:  2014-09-20_214530
Version:
   Company:    Microsoft Corporation
   Product:    Microsoft® Windows® Operating System
   FileDesc:   NT Layer DLL
   FileVer:    6.1.7601.18247
   ProdVer:    6.1.7601.18247


== [end of error.log] ==
